Warning[2066] C:\Users\fudge\Documents\MPLABX Projects\TeamRedSoloIntegration.X\SST39SF040v2.h 322 : type qualifier mismatch in assignment
Warning[2066] C:\Users\fudge\Documents\MPLABX Projects\TeamRedSoloIntegration.X\SST39SF040v2.h 334 : type qualifier mismatch in assignment
Warning[2066] C:\Users\fudge\Documents\MPLABX Projects\TeamRedSoloIntegration.X\SST39SF040v2.h 344 : type qualifier mismatch in assignment
Warning[2066] C:\Users\fudge\Documents\MPLABX Projects\TeamRedSoloIntegration.X\SST39SF040v2.h 354 : type qualifier mismatch in assignment
Warning[2066] C:\Users\fudge\Documents\MPLABX Projects\TeamRedSoloIntegration.X\SST39SF040v2.h 374 : type qualifier mismatch in assignment
Warning[2058] C:\Users\fudge\Documents\MPLABX Projects\TeamRedSoloIntegration.X\SST39SF040v2.h 376 : call of function without prototype
Warning[2066] C:\Users\fudge\Documents\MPLABX Projects\TeamRedSoloIntegration.X\SST39SF040v2.h 386 : type qualifier mismatch in assignment
Warning[2066] C:\Users\fudge\Documents\MPLABX Projects\TeamRedSoloIntegration.X\SST39SF040v2.h 392 : type qualifier mismatch in assignment
Warning[2066] C:\Users\fudge\Documents\MPLABX Projects\TeamRedSoloIntegration.X\SST39SF040v2.h 400 : type qualifier mismatch in assignment
Warning[2066] C:\Users\fudge\Documents\MPLABX Projects\TeamRedSoloIntegration.X\SST39SF040v2.h 410 : type qualifier mismatch in assignment
Warning[2066] C:\Users\fudge\Documents\MPLABX Projects\TeamRedSoloIntegration.X\SST39SF040v2.h 416 : type qualifier mismatch in assignment
Warning[2066] C:\Users\fudge\Documents\MPLABX Projects\TeamRedSoloIntegration.X\SST39SF040v2.h 424 : type qualifier mismatch in assignment
Warning[2058] C:\Users\fudge\Documents\MPLABX Projects\TeamRedSoloIntegration.X\SST39SF040v2.h 469 : call of function without prototype
Warning[2058] C:\Users\fudge\Documents\MPLABX Projects\TeamRedSoloIntegration.X\SST39SF040v2.h 472 : call of function without prototype
Warning[2066] C:\Users\fudge\Documents\MPLABX Projects\TeamRedSoloIntegration.X\SST39SF040v2.h 484 : type qualifier mismatch in assignment
Warning[2066] C:\Users\fudge\Documents\MPLABX Projects\TeamRedSoloIntegration.X\SST39SF040v2.h 502 : type qualifier mismatch in assignment
Warning[2066] C:\Users\fudge\Documents\MPLABX Projects\TeamRedSoloIntegration.X\SST39SF040v2.h 509 : type qualifier mismatch in assignment
Warning[2058] C:\Users\fudge\Documents\MPLABX Projects\TeamRedSoloIntegration.X\SST39SF040v2.h 513 : call of function without prototype
Warning[2066] C:\Users\fudge\Documents\MPLABX Projects\TeamRedSoloIntegration.X\SST39SF040v2.h 525 : type qualifier mismatch in assignment
Warning[2066] C:\Users\fudge\Documents\MPLABX Projects\TeamRedSoloIntegration.X\standbypower.h 38 : type qualifier mismatch in assignment
Warning[2066] C:\Users\fudge\Documents\MPLABX Projects\TeamRedSoloIntegration.X\newmain.c 111 : type qualifier mismatch in assignment
Warning[2066] C:\Users\fudge\Documents\MPLABX Projects\TeamRedSoloIntegration.X\newmain.c 114 : type qualifier mismatch in assignment
Warning[2066] C:\Users\fudge\Documents\MPLABX Projects\TeamRedSoloIntegration.X\newmain.c 117 : type qualifier mismatch in assignment
Warning[2066] C:\Users\fudge\Documents\MPLABX Projects\TeamRedSoloIntegration.X\newmain.c 120 : type qualifier mismatch in assignment
Warning[2066] C:\Users\fudge\Documents\MPLABX Projects\TeamRedSoloIntegration.X\newmain.c 123 : type qualifier mismatch in assignment
Warning[2066] C:\Users\fudge\Documents\MPLABX Projects\TeamRedSoloIntegration.X\newmain.c 126 : type qualifier mismatch in assignment
Warning[2066] C:\Users\fudge\Documents\MPLABX Projects\TeamRedSoloIntegration.X\newmain.c 129 : type qualifier mismatch in assignment
Warning[2066] C:\Users\fudge\Documents\MPLABX Projects\TeamRedSoloIntegration.X\newmain.c 132 : type qualifier mismatch in assignment
Warning[2066] C:\Users\fudge\Documents\MPLABX Projects\TeamRedSoloIntegration.X\newmain.c 135 : type qualifier mismatch in assignment
Warning[2066] C:\Users\fudge\Documents\MPLABX Projects\TeamRedSoloIntegration.X\newmain.c 138 : type qualifier mismatch in assignment
Warning[2066] C:\Users\fudge\Documents\MPLABX Projects\TeamRedSoloIntegration.X\newmain.c 141 : type qualifier mismatch in assignment
Warning[2066] C:\Users\fudge\Documents\MPLABX Projects\TeamRedSoloIntegration.X\newmain.c 144 : type qualifier mismatch in assignment
Warning[2066] C:\Users\fudge\Documents\MPLABX Projects\TeamRedSoloIntegration.X\newmain.c 147 : type qualifier mismatch in assignment
Warning[2066] C:\Users\fudge\Documents\MPLABX Projects\TeamRedSoloIntegration.X\newmain.c 151 : type qualifier mismatch in assignment
Warning[2066] C:\Users\fudge\Documents\MPLABX Projects\TeamRedSoloIntegration.X\newmain.c 154 : type qualifier mismatch in assignment
Warning[2066] C:\Users\fudge\Documents\MPLABX Projects\TeamRedSoloIntegration.X\newmain.c 157 : type qualifier mismatch in assignment
Warning[2066] C:\Users\fudge\Documents\MPLABX Projects\TeamRedSoloIntegration.X\newmain.c 242 : type qualifier mismatch in assignment
Warning[2066] C:\Users\fudge\Documents\MPLABX Projects\TeamRedSoloIntegration.X\newmain.c 256 : type qualifier mismatch in assignment
Warning[2066] C:\Users\fudge\Documents\MPLABX Projects\TeamRedSoloIntegration.X\newmain.c 267 : type qualifier mismatch in assignment
Warning[2066] C:\Users\fudge\Documents\MPLABX Projects\TeamRedSoloIntegration.X\newmain.c 268 : type qualifier mismatch in assignment
Warning[2058] C:\Users\fudge\Documents\MPLABX Projects\TeamRedSoloIntegration.X\newmain.c 291 : call of function without prototype
Warning[2066] C:\Users\fudge\Documents\MPLABX Projects\TeamRedSoloIntegration.X\newmain.c 304 : type qualifier mismatch in assignment
Warning[2058] C:\Users\fudge\Documents\MPLABX Projects\TeamRedSoloIntegration.X\newmain.c 441 : call of function without prototype
Warning[2058] C:\Users\fudge\Documents\MPLABX Projects\TeamRedSoloIntegration.X\newmain.c 442 : call of function without prototype
Warning[2058] C:\Users\fudge\Documents\MPLABX Projects\TeamRedSoloIntegration.X\newmain.c 454 : call of function without prototype
